2023-09-24T02:33:01.277+08:00  WARN 7 --- [reactor-http-epoll-4] r.n.http.server.HttpServerOperations     : [90ffe285, L:/172.19.0.2:8090 - R:/172.104.11.46:18138] Decoding failed: FULL_REQUEST(decodeResult: failure(java.lang.IllegalArgumentException: invalid version format: ÀÀ), version: HTTP/1.0, content: UnpooledByteBufAllocator$InstrumentedUnpooledUnsafeHeapByteBuf(ridx: 0, widx: 0, cap: 0))
GET /bad-request HTTP/1.0
2023-09-24T05:14:20.506+08:00 ERROR 7 --- [reactor-tcp-epoll-3] a.w.r.e.AbstractErrorWebExceptionHandler : [e05df3c7-40399]  500 Server Error for HTTP GET "/javascript:SearchWidget.open()"

java.net.MalformedURLException: unknown protocol: javascript
	at java.base/java.net.URL.<init>(Unknown Source) ~[na:na]
	Suppressed: reactor.core.publisher.FluxOnAssembly$OnAssemblyException: 
Error has been observed at the following site(s):
	*__checkpoint ⇢ run.halo.app.security.InitializeRedirectionWebFilter [DefaultWebFilterChain]
	*__checkpoint ⇢ run.halo.app.security.authentication.login.UsernamePasswordLogoutHandler [DefaultWebFilterChain]
	*__checkpoint ⇢ run.halo.app.security.authentication.login.DelegatingLogoutPageGeneratingWebFilter [DefaultWebFilterChain]
	*__checkpoint ⇢ run.halo.app.security.authentication.login.UsernamePasswordAuthenticator [DefaultWebFilterChain]
	*__checkpoint ⇢ AuthorizationWebFilter [DefaultWebFilterChain]
	*__checkpoint ⇢ ExceptionTranslationWebFilter [DefaultWebFilterChain]
	*__checkpoint ⇢ LogoutWebFilter [DefaultWebFilterChain]
	*__checkpoint ⇢ ServerRequestCacheWebFilter [DefaultWebFilterChain]
	*__checkpoint ⇢ SecurityContextServerWebExchangeWebFilter [DefaultWebFilterChain]
	*__checkpoint ⇢ HaloAnonymousAuthenticationWebFilter [DefaultWebFilterChain]
	*__checkpoint ⇢ ReactorContextWebFilter [DefaultWebFilterChain]
	*__checkpoint ⇢ CsrfWebFilter [DefaultWebFilterChain]
	*__checkpoint ⇢ HttpHeaderWriterWebFilter [DefaultWebFilterChain]
	*__checkpoint ⇢ ServerWebExchangeReactorContextWebFilter [DefaultWebFilterChain]
	*__checkpoint ⇢ org.springframework.security.web.server.WebFilterChainProxy [DefaultWebFilterChain]
	*__checkpoint ⇢ org.springframework.web.filter.reactive.ServerHttpObservationFilter [DefaultWebFilterChain]
	*__checkpoint ⇢ HTTP GET "/javascript:SearchWidget.open()" [ExceptionHandlingWebHandler]
Original Stack Trace:
		at java.base/java.net.URL.<init>(Unknown Source) ~[na:na]
		at java.base/java.net.URL.<init>(Unknown Source) ~[na:na]
		at org.springframework.util.ResourceUtils.toRelativeURL(ResourceUtils.java:427) ~[spring-core-6.0.11.jar:6.0.11]
		at org.springframework.core.io.UrlResource.createRelativeURL(UrlResource.java:311) ~[spring-core-6.0.11.jar:6.0.11]
		at org.springframework.core.io.FileUrlResource.createRelative(FileUrlResource.java:112) ~[spring-core-6.0.11.jar:6.0.11]
		at org.springframework.web.reactive.resource.PathResourceResolver.getResource(PathResourceResolver.java:117) ~[spring-webflux-6.0.11.jar:6.0.11]
		at org.springframework.web.reactive.resource.PathResourceResolver.lambda$getResource$1(PathResourceResolver.java:100) ~[spring-webflux-6.0.11.jar:6.0.11]
		at reactor.core.publisher.FluxConcatMapNoPrefetch$FluxConcatMapNoPrefetchSubscriber.onNext(FluxConcatMapNoPrefetch.java:183) ~[reactor-core-3.5.8.jar:3.5.8]
		at reactor.core.publisher.FluxIterable$IterableSubscription.slowPath(FluxIterable.java:335) ~[reactor-core-3.5.8.jar:3.5.8]
		at reactor.core.publisher.FluxIterable$IterableSubscription.request(FluxIterable.java:294) ~[reactor-core-3.5.8.jar:3.5.8]
		at reactor.core.publisher.FluxConcatMapNoPrefetch$FluxConcatMapNoPrefetchSubscriber.request(FluxConcatMapNoPrefetch.java:336) ~[reactor-core-3.5.8.jar:3.5.8]
		at reactor.core.publisher.MonoNext$NextSubscriber.request(MonoNext.java:108) ~[reactor-core-3.5.8.jar:3.5.8]
		at reactor.core.publisher.MonoFlatMap$FlatMapMain.request(MonoFlatMap.java:194) ~[reactor-core-3.5.8.jar:3.5.8]
		at reactor.core.publisher.Operators$MultiSubscriptionSubscriber.set(Operators.java:2341) ~[reactor-core-3.5.8.jar:3.5.8]
		at reactor.core.publisher.Operators$MultiSubscriptionSubscriber.onSubscribe(Operators.java:2215) ~[reactor-core-3.5.8.jar:3.5.8]
		at reactor.core.publisher.MonoFlatMap$FlatMapMain.onSubscribe(MonoFlatMap.java:117) ~[reactor-core-3.5.8.jar:3.5.8]
		at reactor.core.publisher.MonoNext$NextSubscriber.onSubscribe(MonoNext.java:70) ~[reactor-core-3.5.8.jar:3.5.8]
		at reactor.core.publisher.FluxConcatMapNoPrefetch$FluxConcatMapNoPrefetchSubscriber.onSubscribe(FluxConcatMapNoPrefetch.java:164) ~[reactor-core-3.5.8.jar:3.5.8]
		at reactor.core.publisher.FluxIterable.subscribe(FluxIterable.java:201) ~[reactor-core-3.5.8.jar:3.5.8]
		at reactor.core.publisher.FluxIterable.subscribe(FluxIterable.java:83) ~[reactor-core-3.5.8.jar:3.5.8]
		at reactor.core.publisher.Mono.subscribe(Mono.java:4495) ~[reactor-core-3.5.8.jar:3.5.8]
		at reactor.core.publisher.MonoIgnoreThen$ThenIgnoreMain.subscribeNext(MonoIgnoreThen.java:263) ~[reactor-core-3.5.8.jar:3.5.8]
		at reactor.core.publisher.MonoIgnoreThen.subscribe(MonoIgnoreThen.java:51) ~[reactor-core-3.5.8.jar:3.5.8]
		at reactor.core.publisher.InternalMonoOperator.subscribe(InternalMonoOperator.java:64) ~[reactor-core-3.5.8.jar:3.5.8]
		at reactor.core.publisher.MonoFlatMap$FlatMapMain.onNext(MonoFlatMap.java:165) ~[reactor-core-3.5.8.jar:3.5.8]
		at reactor.core.publisher.FluxOnErrorResume$ResumeSubscriber.onNext(FluxOnErrorResume.java:79) ~[reactor-core-3.5.8.jar:3.5.8]
		at reactor.core.publisher.FluxSwitchIfEmpty$SwitchIfEmptySubscriber.onNext(FluxSwitchIfEmpty.java:74) ~[reactor-core-3.5.8.jar:3.5.8]
		at reactor.core.publisher.MonoNext$NextSubscriber.onNext(MonoNext.java:82) ~[reactor-core-3.5.8.jar:3.5.8]
		at reactor.core.publisher.FluxConcatMapNoPrefetch$FluxConcatMapNoPrefetchSubscriber.innerNext(FluxConcatMapNoPrefetch.java:258) ~[reactor-core-3.5.8.jar:3.5.8]
		at reactor.core.publisher.FluxConcatMap$ConcatMapInner.onNext(FluxConcatMap.java:863) ~[reactor-core-3.5.8.jar:3.5.8]
		at reactor.core.publisher.FluxMapFuseable$MapFuseableSubscriber.onNext(FluxMapFuseable.java:129) ~[reactor-core-3.5.8.jar:3.5.8]
		at reactor.core.publisher.Operators$ScalarSubscription.request(Operators.java:2545) ~[reactor-core-3.5.8.jar:3.5.8]
		at reactor.core.publisher.FluxMapFuseable$MapFuseableSubscriber.request(FluxMapFuseable.java:171) ~[reactor-core-3.5.8.jar:3.5.8]
		at reactor.core.publisher.Operators$MultiSubscriptionSubscriber.set(Operators.java:2341) ~[reactor-core-3.5.8.jar:3.5.8]
		at reactor.core.publisher.Operators$MultiSubscriptionSubscriber.onSubscribe(Operators.java:2215) ~[reactor-core-3.5.8.jar:3.5.8]
		at reactor.core.publisher.FluxMapFuseable$MapFuseableSubscriber.onSubscribe(FluxMapFuseable.java:96) ~[reactor-core-3.5.8.jar:3.5.8]
		at reactor.core.publisher.MonoJust.subscribe(MonoJust.java:55) ~[reactor-core-3.5.8.jar:3.5.8]
		at reactor.core.publisher.Mono.subscribe(Mono.java:4495) ~[reactor-core-3.5.8.jar:3.5.8]
		at reactor.core.publisher.FluxConcatMapNoPrefetch$FluxConcatMapNoPrefetchSubscriber.onNext(FluxConcatMapNoPrefetch.java:206) ~[reactor-core-3.5.8.jar:3.5.8]
		at reactor.core.publisher.FluxIterable$IterableSubscription.slowPath(FluxIterable.java:335) ~[reactor-core-3.5.8.jar:3.5.8]
		at reactor.core.publisher.FluxIterable$IterableSubscription.request(FluxIterable.java:294) ~[reactor-core-3.5.8.jar:3.5.8]
		at reactor.core.publisher.FluxConcatMapNoPrefetch$FluxConcatMapNoPrefetchSubscriber.innerComplete(FluxConcatMapNoPrefetch.java:274) ~[reactor-core-3.5.8.jar:3.5.8]
		at reactor.core.publisher.FluxConcatMap$ConcatMapInner.onComplete(FluxConcatMap.java:887) ~[reactor-core-3.5.8.jar:3.5.8]
		at reactor.core.publisher.FluxMap$MapSubscriber.onComplete(FluxMap.java:144) ~[reactor-core-3.5.8.jar:3.5.8]
		at reactor.core.publisher.FluxPeek$PeekSubscriber.onComplete(FluxPeek.java:260) ~[reactor-core-3.5.8.jar:3.5.8]
		at reactor.core.publisher.FluxMap$MapSubscriber.onComplete(FluxMap.java:144) ~[reactor-core-3.5.8.jar:3.5.8]
		at reactor.core.publisher.MonoNext$NextSubscriber.onComplete(MonoNext.java:102) ~[reactor-core-3.5.8.jar:3.5.8]
		at reactor.core.publisher.FluxConcatArray$ConcatArraySubscriber.onComplete(FluxConcatArray.java:230) ~[reactor-core-3.5.8.jar:3.5.8]
		at reactor.core.publisher.FluxMap$MapSubscriber.onComplete(FluxMap.java:144) ~[reactor-core-3.5.8.jar:3.5.8]
		at reactor.core.publisher.MonoNext$NextSubscriber.onComplete(MonoNext.java:102) ~[reactor-core-3.5.8.jar:3.5.8]
		at reactor.core.publisher.FluxConcatArray$ConcatArraySubscriber.onComplete(FluxConcatArray.java:230) ~[reactor-core-3.5.8.jar:3.5.8]
		at reactor.core.publisher.FluxMap$MapSubscriber.onComplete(FluxMap.java:144) ~[reactor-core-3.5.8.jar:3.5.8]
		at reactor.core.publisher.MonoNext$NextSubscriber.onComplete(MonoNext.java:102) ~[reactor-core-3.5.8.jar:3.5.8]
		at reactor.core.publisher.FluxConcatArray$ConcatArraySubscriber.onComplete(FluxConcatArray.java:230) ~[reactor-core-3.5.8.jar:3.5.8]
		at reactor.core.publisher.FluxMap$MapSubscriber.onComplete(FluxMap.java:144) ~[reactor-core-3.5.8.jar:3.5.8]
		at reactor.core.publisher.MonoNext$NextSubscriber.onComplete(MonoNext.java:102) ~[reactor-core-3.5.8.jar:3.5.8]
		at reactor.core.publisher.FluxConcatArray$ConcatArraySubscriber.onComplete(FluxConcatArray.java:230) ~[reactor-core-3.5.8.jar:3.5.8]
		at reactor.core.publisher.FluxMap$MapSubscriber.onComplete(FluxMap.java:144) ~[reactor-core-3.5.8.jar:3.5.8]
		at reactor.core.publisher.MonoNext$NextSubscriber.onComplete(MonoNext.java:102) ~[reactor-core-3.5.8.jar:3.5.8]
		at reactor.core.publisher.FluxConcatArray$ConcatArraySubscriber.onComplete(FluxConcatArray.java:230) ~[reactor-core-3.5.8.jar:3.5.8]
		at reactor.core.publisher.FluxMap$MapSubscriber.onComplete(FluxMap.java:144) ~[reactor-core-3.5.8.jar:3.5.8]
		at reactor.core.publisher.MonoNext$NextSubscriber.onComplete(MonoNext.java:102) ~[reactor-core-3.5.8.jar:3.5.8]
		at reactor.core.publisher.FluxConcatArray$ConcatArraySubscriber.onComplete(FluxConcatArray.java:230) ~[reactor-core-3.5.8.jar:3.5.8]
		at reactor.core.publisher.FluxMap$MapSubscriber.onComplete(FluxMap.java:144) ~[reactor-core-3.5.8.jar:3.5.8]
		at reactor.core.publisher.MonoNext$NextSubscriber.onComplete(MonoNext.java:102) ~[reactor-core-3.5.8.jar:3.5.8]
		at reactor.core.publisher.FluxConcatArray$ConcatArraySubscriber.onComplete(FluxConcatArray.java:230) ~[reactor-core-3.5.8.jar:3.5.8]
		at reactor.core.publisher.FluxMap$MapSubscriber.onComplete(FluxMap.java:144) ~[reactor-core-3.5.8.jar:3.5.8]
		at reactor.core.publisher.MonoNext$NextSubscriber.onComplete(MonoNext.java:102) ~[reactor-core-3.5.8.jar:3.5.8]
		at reactor.core.publisher.FluxConcatArray$ConcatArraySubscriber.onComplete(FluxConcatArray.java:230) ~[reactor-core-3.5.8.jar:3.5.8]
		at reactor.core.publisher.FluxMap$MapSubscriber.onComplete(FluxMap.java:144) ~[reactor-core-3.5.8.jar:3.5.8]
		at reactor.core.publisher.MonoNext$NextSubscriber.onComplete(MonoNext.java:102) ~[reactor-core-3.5.8.jar:3.5.8]
		at reactor.core.publisher.FluxConcatArray$ConcatArraySubscriber.onComplete(FluxConcatArray.java:230) ~[reactor-core-3.5.8.jar:3.5.8]
		at reactor.core.publisher.MonoNext$NextSubscriber.onComplete(MonoNext.java:102) ~[reactor-core-3.5.8.jar:3.5.8]
		at reactor.core.publisher.FluxConcatMapNoPrefetch$FluxConcatMapNoPrefetchSubscriber.onComplete(FluxConcatMapNoPrefetch.java:240) ~[reactor-core-3.5.8.jar:3.5.8]
		at reactor.core.publisher.FluxIterable$IterableSubscription.slowPath(FluxIterable.java:357) ~[reactor-core-3.5.8.jar:3.5.8]
		at reactor.core.publisher.FluxIterable$IterableSubscription.request(FluxIterable.java:294) ~[reactor-core-3.5.8.jar:3.5.8]
		at reactor.core.publisher.FluxConcatMapNoPrefetch$FluxConcatMapNoPrefetchSubscriber.request(FluxConcatMapNoPrefetch.java:336) ~[reactor-core-3.5.8.jar:3.5.8]
		at reactor.core.publisher.MonoNext$NextSubscriber.request(MonoNext.java:108) ~[reactor-core-3.5.8.jar:3.5.8]
		at reactor.core.publisher.FluxConcatArray$ConcatArraySubscriber.request(FluxConcatArray.java:276) ~[reactor-core-3.5.8.jar:3.5.8]
		at reactor.core.publisher.MonoNext$NextSubscriber.request(MonoNext.java:108) ~[reactor-core-3.5.8.jar:3.5.8]
		at reactor.core.publisher.FluxMap$MapSubscriber.request(FluxMap.java:164) ~[reactor-core-3.5.8.jar:3.5.8]
		at reactor.core.publisher.FluxConcatArray$ConcatArraySubscriber.request(FluxConcatArray.java:276) ~[reactor-core-3.5.8.jar:3.5.8]
		at reactor.core.publisher.MonoNext$NextSubscriber.request(MonoNext.java:108) ~[reactor-core-3.5.8.jar:3.5.8]
		at reactor.core.publisher.FluxMap$MapSubscriber.request(FluxMap.java:164) ~[reactor-core-3.5.8.jar:3.5.8]
		at reactor.core.publisher.FluxConcatArray$ConcatArraySubscriber.request(FluxConcatArray.java:276) ~[reactor-core-3.5.8.jar:3.5.8]
		at reactor.core.publisher.MonoNext$NextSubscriber.request(MonoNext.java:108) ~[reactor-core-3.5.8.jar:3.5.8]
		at reactor.core.publisher.FluxMap$MapSubscriber.request(FluxMap.java:164) ~[reactor-core-3.5.8.jar:3.5.8]
		at reactor.core.publisher.FluxConcatArray$ConcatArraySubscriber.request(FluxConcatArray.java:276) ~[reactor-core-3.5.8.jar:3.5.8]
		at reactor.core.publisher.MonoNext$NextSubscriber.request(MonoNext.java:108) ~[reactor-core-3.5.8.jar:3.5.8]
		at reactor.core.publisher.FluxMap$MapSubscriber.request(FluxMap.java:164) ~[reactor-core-3.5.8.jar:3.5.8]
		at reactor.core.publisher.FluxConcatArray$ConcatArraySubscriber.request(FluxConcatArray.java:276) ~[reactor-core-3.5.8.jar:3.5.8]
		at reactor.core.publisher.MonoNext$NextSubscriber.request(MonoNext.java:108) ~[reactor-core-3.5.8.jar:3.5.8]
		at reactor.core.publisher.FluxMap$MapSubscriber.request(FluxMap.java:164) ~[reactor-core-3.5.8.jar:3.5.8]
		at reactor.core.publisher.FluxConcatArray$ConcatArraySubscriber.request(FluxConcatArray.java:276) ~[reactor-core-3.5.8.jar:3.5.8]
		at reactor.core.publisher.MonoNext$NextSubscriber.request(MonoNext.java:108) ~[reactor-core-3.5.8.jar:3.5.8]
		at reactor.core.publisher.FluxMap$MapSubscriber.request(FluxMap.java:164) ~[reactor-core-3.5.8.jar:3.5.8]
		at reactor.core.publisher.FluxConcatArray$ConcatArraySubscriber.request(FluxConcatArray.java:276) ~[reactor-core-3.5.8.jar:3.5.8]
		at reactor.core.publisher.MonoNext$NextSubscriber.request(MonoNext.java:108) ~[reactor-core-3.5.8.jar:3.5.8]
		at reactor.core.publisher.FluxMap$MapSubscriber.request(FluxMap.java:164) ~[reactor-core-3.5.8.jar:3.5.8]
		at reactor.core.publisher.FluxConcatArray$ConcatArraySubscriber.request(FluxConcatArray.java:276) ~[reactor-core-3.5.8.jar:3.5.8]
		at reactor.core.publisher.MonoNext$NextSubscriber.request(MonoNext.java:108) ~[reactor-core-3.5.8.jar:3.5.8]
		at reactor.core.publisher.FluxMap$MapSubscriber.request(FluxMap.java:164) ~[reactor-core-3.5.8.jar:3.5.8]
		at reactor.core.publisher.FluxConcatArray$ConcatArraySubscriber.request(FluxConcatArray.java:276) ~[reactor-core-3.5.8.jar:3.5.8]
		at reactor.core.publisher.MonoNext$NextSubscriber.request(MonoNext.java:108) ~[reactor-core-3.5.8.jar:3.5.8]
		at reactor.core.publisher.FluxMap$MapSubscriber.request(FluxMap.java:164) ~[reactor-core-3.5.8.jar:3.5.8]
		at reactor.core.publisher.FluxPeek$PeekSubscriber.request(FluxPeek.java:138) ~[reactor-core-3.5.8.jar:3.5.8]
		at reactor.core.publisher.FluxMap$MapSubscriber.request(FluxMap.java:164) ~[reactor-core-3.5.8.jar:3.5.8]
		at reactor.core.publisher.Operators$MultiSubscriptionSubscriber.request(Operators.java:2305) ~[reactor-core-3.5.8.jar:3.5.8]
		at reactor.core.publisher.FluxConcatMapNoPrefetch$FluxConcatMapNoPrefetchSubscriber.request(FluxConcatMapNoPrefetch.java:338) ~[reactor-core-3.5.8.jar:3.5.8]
		at reactor.core.publisher.MonoNext$NextSubscriber.request(MonoNext.java:108) ~[reactor-core-3.5.8.jar:3.5.8]
		at reactor.core.publisher.Operators$MultiSubscriptionSubscriber.set(Operators.java:2341) ~[reactor-core-3.5.8.jar:3.5.8]
		at reactor.core.publisher.Operators$MultiSubscriptionSubscriber.onSubscribe(Operators.java:2215) ~[reactor-core-3.5.8.jar:3.5.8]
		at reactor.core.publisher.MonoNext$NextSubscriber.onSubscribe(MonoNext.java:70) ~[reactor-core-3.5.8.jar:3.5.8]
		at reactor.core.publisher.FluxConcatMapNoPrefetch$FluxConcatMapNoPrefetchSubscriber.onSubscribe(FluxConcatMapNoPrefetch.java:164) ~[reactor-core-3.5.8.jar:3.5.8]
		at reactor.core.publisher.FluxIterable.subscribe(FluxIterable.java:201) ~[reactor-core-3.5.8.jar:3.5.8]
		at reactor.core.publisher.FluxIterable.subscribe(FluxIterable.java:83) ~[reactor-core-3.5.8.jar:3.5.8]
		at reactor.core.publisher.InternalMonoOperator.subscribe(InternalMonoOperator.java:64) ~[reactor-core-3.5.8.jar:3.5.8]
		at reactor.core.publisher.MonoDefer.subscribe(MonoDefer.java:53) ~[reactor-core-3.5.8.jar:3.5.8]
		at reactor.core.publisher.MonoFlatMap$FlatMapMain.onNext(MonoFlatMap.java:165) ~[reactor-core-3.5.8.jar:3.5.8]
		at reactor.core.publisher.FluxPeekFuseable$PeekFuseableSubscriber.onNext(FluxPeekFuseable.java:210) ~[reactor-core-3.5.8.jar:3.5.8]
		at reactor.core.publisher.Operators$ScalarSubscription.request(Operators.java:2545) ~[reactor-core-3.5.8.jar:3.5.8]
		at reactor.core.publisher.FluxPeekFuseable$PeekFuseableSubscriber.request(FluxPeekFuseable.java:144) ~[reactor-core-3.5.8.jar:3.5.8]
		at reactor.core.publisher.MonoFlatMap$FlatMapMain.request(MonoFlatMap.java:194) ~[reactor-core-3.5.8.jar:3.5.8]
		at reactor.core.publisher.MonoIgnoreThen$ThenIgnoreMain.onSubscribe(MonoIgnoreThen.java:134) ~[reactor-core-3.5.8.jar:3.5.8]
		at reactor.core.publisher.MonoFlatMap$FlatMapMain.onSubscribe(MonoFlatMap.java:117) ~[reactor-core-3.5.8.jar:3.5.8]
		at reactor.core.publisher.FluxPeekFuseable$PeekFuseableSubscriber.onSubscribe(FluxPeekFuseable.java:178) ~[reactor-core-3.5.8.jar:3.5.8]
		at reactor.core.publisher.MonoJust.subscribe(MonoJust.java:55) ~[reactor-core-3.5.8.jar:3.5.8]
		at reactor.core.publisher.InternalMonoOperator.subscribe(InternalMonoOperator.java:64) ~[reactor-core-3.5.8.jar:3.5.8]
		at reactor.core.publisher.MonoDefer.subscribe(MonoDefer.java:53) ~[reactor-core-3.5.8.jar:3.5.8]
		at reactor.core.publisher.Mono.subscribe(Mono.java:4495) ~[reactor-core-3.5.8.jar:3.5.8]
		at reactor.core.publisher.MonoIgnoreThen$ThenIgnoreMain.subscribeNext(MonoIgnoreThen.java:263) ~[reactor-core-3.5.8.jar:3.5.8]
		at reactor.core.publisher.MonoIgnoreThen.subscribe(MonoIgnoreThen.java:51) ~[reactor-core-3.5.8.jar:3.5.8]
		at reactor.core.publisher.Mono.subscribe(Mono.java:4495) ~[reactor-core-3.5.8.jar:3.5.8]
		at reactor.core.publisher.FluxSwitchIfEmpty$SwitchIfEmptySubscriber.onComplete(FluxSwitchIfEmpty.java:82) ~[reactor-core-3.5.8.jar:3.5.8]
		at reactor.core.publisher.FluxFilter$FilterSubscriber.onComplete(FluxFilter.java:166) ~[reactor-core-3.5.8.jar:3.5.8]
		at reactor.core.publisher.FluxPeekFuseable$PeekConditionalSubscriber.onComplete(FluxPeekFuseable.java:940) ~[reactor-core-3.5.8.jar:3.5.8]
		at reactor.core.publisher.FluxSwitchIfEmpty$SwitchIfEmptySubscriber.onComplete(FluxSwitchIfEmpty.java:85) ~[reactor-core-3.5.8.jar:3.5.8]
		at reactor.core.publisher.Operators$ScalarSubscription.request(Operators.java:2547) ~[reactor-core-3.5.8.jar:3.5.8]
		at reactor.core.publisher.Operators$MultiSubscriptionSubscriber.set(Operators.java:2341) ~[reactor-core-3.5.8.jar:3.5.8]
		at reactor.core.publisher.Operators$MultiSubscriptionSubscriber.onSubscribe(Operators.java:2215) ~[reactor-core-3.5.8.jar:3.5.8]
		at reactor.core.publisher.MonoJust.subscribe(MonoJust.java:55) ~[reactor-core-3.5.8.jar:3.5.8]
		at reactor.core.publisher.Mono.subscribe(Mono.java:4495) ~[reactor-core-3.5.8.jar:3.5.8]
		at reactor.core.publisher.FluxSwitchIfEmpty$SwitchIfEmptySubscriber.onComplete(FluxSwitchIfEmpty.java:82) ~[reactor-core-3.5.8.jar:3.5.8]
		at reactor.core.publisher.MonoNext$NextSubscriber.onComplete(MonoNext.java:102) ~[reactor-core-3.5.8.jar:3.5.8]
		at reactor.core.publisher.FluxFilter$FilterSubscriber.onComplete(FluxFilter.java:166) ~[reactor-core-3.5.8.jar:3.5.8]
		at reactor.core.publisher.FluxFlatMap$FlatMapMain.checkTerminated(FluxFlatMap.java:847) ~[reactor-core-3.5.8.jar:3.5.8]
		at reactor.core.publisher.FluxFlatMap$FlatMapMain.drainLoop(FluxFlatMap.java:609) ~[reactor-core-3.5.8.jar:3.5.8]
		at reactor.core.publisher.FluxFlatMap$FlatMapMain.drain(FluxFlatMap.java:589) ~[reactor-core-3.5.8.jar:3.5.8]
		at reactor.core.publisher.FluxFlatMap$FlatMapMain.onComplete(FluxFlatMap.java:466) ~[reactor-core-3.5.8.jar:3.5.8]
		at reactor.core.publisher.FluxPeekFuseable$PeekFuseableSubscriber.onComplete(FluxPeekFuseable.java:277) ~[reactor-core-3.5.8.jar:3.5.8]
		at reactor.core.publisher.FluxIterable$IterableSubscription.slowPath(FluxIterable.java:357) ~[reactor-core-3.5.8.jar:3.5.8]
		at reactor.core.publisher.FluxIterable$IterableSubscription.request(FluxIterable.java:294) ~[reactor-core-3.5.8.jar:3.5.8]
		at reactor.core.publisher.FluxPeekFuseable$PeekFuseableSubscriber.request(FluxPeekFuseable.java:144) ~[reactor-core-3.5.8.jar:3.5.8]
		at reactor.core.publisher.FluxFlatMap$FlatMapMain.onSubscribe(FluxFlatMap.java:371) ~[reactor-core-3.5.8.jar:3.5.8]
		at reactor.core.publisher.FluxPeekFuseable$PeekFuseableSubscriber.onSubscribe(FluxPeekFuseable.java:178) ~[reactor-core-3.5.8.jar:3.5.8]
		at reactor.core.publisher.FluxIterable.subscribe(FluxIterable.java:201) ~[reactor-core-3.5.8.jar:3.5.8]
		at reactor.core.publisher.FluxIterable.subscribe(FluxIterable.java:83) ~[reactor-core-3.5.8.jar:3.5.8]
		at reactor.core.publisher.InternalMonoOperator.subscribe(InternalMonoOperator.java:64) ~[reactor-core-3.5.8.jar:3.5.8]
		at reactor.core.publisher.MonoDefer.subscribe(MonoDefer.java:53) ~[reactor-core-3.5.8.jar:3.5.8]
		at reactor.core.publisher.Mono.subscribe(Mono.java:4495) ~[reactor-core-3.5.8.jar:3.5.8]
		at reactor.core.publisher.MonoIgnoreThen$ThenIgnoreMain.subscribeNext(MonoIgnoreThen.java:263) ~[reactor-core-3.5.8.jar:3.5.8]
		at reactor.core.publisher.MonoIgnoreThen.subscribe(MonoIgnoreThen.java:51) ~[reactor-core-3.5.8.jar:3.5.8]
		at reactor.core.publisher.Mono.subscribe(Mono.java:4495) ~[reactor-core-3.5.8.jar:3.5.8]
		at reactor.core.publisher.FluxSwitchIfEmpty$SwitchIfEmptySubscriber.onComplete(FluxSwitchIfEmpty.java:82) ~[reactor-core-3.5.8.jar:3.5.8]
		at reactor.core.publisher.FluxFilter$FilterSubscriber.onComplete(FluxFilter.java:166) ~[reactor-core-3.5.8.jar:3.5.8]
		at reactor.core.publisher.FluxPeekFuseable$PeekConditionalSubscriber.onComplete(FluxPeekFuseable.java:940) ~[reactor-core-3.5.8.jar:3.5.8]
		at reactor.core.publisher.FluxSwitchIfEmpty$SwitchIfEmptySubscriber.onComplete(FluxSwitchIfEmpty.java:85) ~[reactor-core-3.5.8.jar:3.5.8]
		at reactor.core.publisher.Operators$ScalarSubscription.request(Operators.java:2547) ~[reactor-core-3.5.8.jar:3.5.8]
		at reactor.core.publisher.Operators$MultiSubscriptionSubscriber.set(Operators.java:2341) ~[reactor-core-3.5.8.jar:3.5.8]
		at reactor.core.publisher.Operators$MultiSubscriptionSubscriber.onSubscribe(Operators.java:2215) ~[reactor-core-3.5.8.jar:3.5.8]
		at reactor.core.publisher.MonoJust.subscribe(MonoJust.java:55) ~[reactor-core-3.5.8.jar:3.5.8]
		at reactor.core.publisher.Mono.subscribe(Mono.java:4495) ~[reactor-core-3.5.8.jar:3.5.8]
		at reactor.core.publisher.FluxSwitchIfEmpty$SwitchIfEmptySubscriber.onComplete(FluxSwitchIfEmpty.java:82) ~[reactor-core-3.5.8.jar:3.5.8]
		at reactor.core.publisher.MonoNext$NextSubscriber.onComplete(MonoNext.java:102) ~[reactor-core-3.5.8.jar:3.5.8]
		at reactor.core.publisher.FluxFilter$FilterSubscriber.onComplete(FluxFilter.java:166) ~[reactor-core-3.5.8.jar:3.5.8]
		at reactor.core.publisher.FluxFlatMap$FlatMapMain.checkTerminated(FluxFlatMap.java:847) ~[reactor-core-3.5.8.jar:3.5.8]
		at reactor.core.publisher.FluxFlatMap$FlatMapMain.drainLoop(FluxFlatMap.java:609) ~[reactor-core-3.5.8.jar:3.5.8]
		at reactor.core.publisher.FluxFlatMap$FlatMapMain.drain(FluxFlatMap.java:589) ~[reactor-core-3.5.8.jar:3.5.8]
		at reactor.core.publisher.FluxFlatMap$FlatMapMain.onComplete(FluxFlatMap.java:466) ~[reactor-core-3.5.8.jar:3.5.8]
		at reactor.core.publisher.FluxPeekFuseable$PeekFuseableSubscriber.onComplete(FluxPeekFuseable.java:277) ~[reactor-core-3.5.8.jar:3.5.8]
		at reactor.core.publisher.FluxIterable$IterableSubscription.slowPath(FluxIterable.java:357) ~[reactor-core-3.5.8.jar:3.5.8]
		at reactor.core.publisher.FluxIterable$IterableSubscription.request(FluxIterable.java:294) ~[reactor-core-3.5.8.jar:3.5.8]
		at reactor.core.publisher.FluxPeekFuseable$PeekFuseableSubscriber.request(FluxPeekFuseable.java:144) ~[reactor-core-3.5.8.jar:3.5.8]
		at reactor.core.publisher.FluxFlatMap$FlatMapMain.onSubscribe(FluxFlatMap.java:371) ~[reactor-core-3.5.8.jar:3.5.8]
		at reactor.core.publisher.FluxPeekFuseable$PeekFuseableSubscriber.onSubscribe(FluxPeekFuseable.java:178) ~[reactor-core-3.5.8.jar:3.5.8]
		at reactor.core.publisher.FluxIterable.subscribe(FluxIterable.java:201) ~[reactor-core-3.5.8.jar:3.5.8]
		at reactor.core.publisher.FluxIterable.subscribe(FluxIterable.java:83) ~[reactor-core-3.5.8.jar:3.5.8]
		at reactor.core.publisher.InternalMonoOperator.subscribe(InternalMonoOperator.java:64) ~[reactor-core-3.5.8.jar:3.5.8]
		at reactor.core.publisher.MonoDefer.subscribe(MonoDefer.java:53) ~[reactor-core-3.5.8.jar:3.5.8]
		at reactor.core.publisher.Mono.subscribe(Mono.java:4495) ~[reactor-core-3.5.8.jar:3.5.8]
		at reactor.core.publisher.MonoIgnoreThen$ThenIgnoreMain.subscribeNext(MonoIgnoreThen.java:263) ~[reactor-core-3.5.8.jar:3.5.8]
		at reactor.core.publisher.MonoIgnoreThen.subscribe(MonoIgnoreThen.java:51) ~[reactor-core-3.5.8.jar:3.5.8]
		at reactor.core.publisher.Mono.subscribe(Mono.java:4495) ~[reactor-core-3.5.8.jar:3.5.8]
		at reactor.core.publisher.FluxSwitchIfEmpty$SwitchIfEmptySubscriber.onComplete(FluxSwitchIfEmpty.java:82) ~[reactor-core-3.5.8.jar:3.5.8]
		at reactor.core.publisher.MonoFlatMap$FlatMapMain.onComplete(MonoFlatMap.java:189) ~[reactor-core-3.5.8.jar:3.5.8]
		at reactor.core.publisher.FluxFilter$FilterSubscriber.onComplete(FluxFilter.java:166) ~[reactor-core-3.5.8.jar:3.5.8]
		at reactor.core.publisher.FluxPeekFuseable$PeekConditionalSubscriber.onComplete(FluxPeekFuseable.java:940) ~[reactor-core-3.5.8.jar:3.5.8]
		at reactor.core.publisher.FluxSwitchIfEmpty$SwitchIfEmptySubscriber.onComplete(FluxSwitchIfEmpty.java:85) ~[reactor-core-3.5.8.jar:3.5.8]
		at reactor.core.publisher.Operators$ScalarSubscription.request(Operators.java:2547) ~[reactor-core-3.5.8.jar:3.5.8]
		at reactor.core.publisher.Operators$MultiSubscriptionSubscriber.set(Operators.java:2341) ~[reactor-core-3.5.8.jar:3.5.8]
		at reactor.core.publisher.Operators$MultiSubscriptionSubscriber.onSubscribe(Operators.java:2215) ~[reactor-core-3.5.8.jar:3.5.8]
		at reactor.core.publisher.MonoJust.subscribe(MonoJust.java:55) ~[reactor-core-3.5.8.jar:3.5.8]
		at reactor.core.publisher.Mono.subscribe(Mono.java:4495) ~[reactor-core-3.5.8.jar:3.5.8]
		at reactor.core.publisher.FluxSwitchIfEmpty$SwitchIfEmptySubscriber.onComplete(FluxSwitchIfEmpty.java:82) ~[reactor-core-3.5.8.jar:3.5.8]
		at reactor.core.publisher.MonoNext$NextSubscriber.onComplete(MonoNext.java:102) ~[reactor-core-3.5.8.jar:3.5.8]
		at reactor.core.publisher.FluxFilter$FilterSubscriber.onComplete(FluxFilter.java:166) ~[reactor-core-3.5.8.jar:3.5.8]
		at reactor.core.publisher.FluxFlatMap$FlatMapMain.checkTerminated(FluxFlatMap.java:847) ~[reactor-core-3.5.8.jar:3.5.8]
		at reactor.core.publisher.FluxFlatMap$FlatMapMain.drainLoop(FluxFlatMap.java:609) ~[reactor-core-3.5.8.jar:3.5.8]
		at reactor.core.publisher.FluxFlatMap$FlatMapMain.drain(FluxFlatMap.java:589) ~[reactor-core-3.5.8.jar:3.5.8]
		at reactor.core.publisher.FluxFlatMap$FlatMapMain.onComplete(FluxFlatMap.java:466) ~[reactor-core-3.5.8.jar:3.5.8]
		at reactor.core.publisher.FluxPeekFuseable$PeekFuseableSubscriber.onComplete(FluxPeekFuseable.java:277) ~[reactor-core-3.5.8.jar:3.5.8]
		at reactor.core.publisher.FluxIterable$IterableSubscription.slowPath(FluxIterable.java:357) ~[reactor-core-3.5.8.jar:3.5.8]
		at reactor.core.publisher.FluxIterable$IterableSubscription.request(FluxIterable.java:294) ~[reactor-core-3.5.8.jar:3.5.8]
		at reactor.core.publisher.FluxPeekFuseable$PeekFuseableSubscriber.request(FluxPeekFuseable.java:144) ~[reactor-core-3.5.8.jar:3.5.8]
		at reactor.core.publisher.FluxFlatMap$FlatMapMain.onSubscribe(FluxFlatMap.java:371) ~[reactor-core-3.5.8.jar:3.5.8]
		at reactor.core.publisher.FluxPeekFuseable$PeekFuseableSubscriber.onSubscribe(FluxPeekFuseable.java:178) ~[reactor-core-3.5.8.jar:3.5.8]
		at reactor.core.publisher.FluxIterable.subscribe(FluxIterable.java:201) ~[reactor-core-3.5.8.jar:3.5.8]
		at reactor.core.publisher.FluxIterable.subscribe(FluxIterable.java:83) ~[reactor-core-3.5.8.jar:3.5.8]
		at reactor.core.publisher.InternalMonoOperator.subscribe(InternalMonoOperator.java:64) ~[reactor-core-3.5.8.jar:3.5.8]
		at reactor.core.publisher.MonoDefer.subscribe(MonoDefer.java:53) ~[reactor-core-3.5.8.jar:3.5.8]
		at reactor.core.publisher.InternalMonoOperator.subscribe(InternalMonoOperator.java:64) ~[reactor-core-3.5.8.jar:3.5.8]
		at reactor.core.publisher.MonoDeferContextual.subscribe(MonoDeferContextual.java:55) ~[reactor-core-3.5.8.jar:3.5.8]
		at reactor.core.publisher.MonoDefer.subscribe(MonoDefer.java:53) ~[reactor-core-3.5.8.jar:3.5.8]
		at reactor.core.publisher.Mono.subscribe(Mono.java:4495) ~[reactor-core-3.5.8.jar:3.5.8]
		at reactor.core.publisher.FluxSwitchIfEmpty$SwitchIfEmptySubscriber.onComplete(FluxSwitchIfEmpty.java:82) ~[reactor-core-3.5.8.jar:3.5.8]
		at reactor.core.publisher.MonoPeekTerminal$MonoTerminalPeekSubscriber.onComplete(MonoPeekTerminal.java:299) ~[reactor-core-3.5.8.jar:3.5.8]
		at reactor.core.publisher.MonoPeekTerminal$MonoTerminalPeekSubscriber.onComplete(MonoPeekTerminal.java:299) ~[reactor-core-3.5.8.jar:3.5.8]
		at reactor.core.publisher.MonoFlatMap$FlatMapMain.onNext(MonoFlatMap.java:155) ~[reactor-core-3.5.8.jar:3.5.8]
		at reactor.core.publisher.FluxSwitchIfEmpty$SwitchIfEmptySubscriber.onNext(FluxSwitchIfEmpty.java:74) ~[reactor-core-3.5.8.jar:3.5.8]
		at reactor.core.publisher.FluxFilter$FilterSubscriber.onNext(FluxFilter.java:113) ~[reactor-core-3.5.8.jar:3.5.8]
		at reactor.core.publisher.MonoPeekTerminal$MonoTerminalPeekSubscriber.onNext(MonoPeekTerminal.java:180) ~[reactor-core-3.5.8.jar:3.5.8]
		at reactor.core.publisher.FluxPeekFuseable$PeekFuseableConditionalSubscriber.onNext(FluxPeekFuseable.java:503) ~[reactor-core-3.5.8.jar:3.5.8]
		at reactor.core.publisher.MonoPeekTerminal$MonoTerminalPeekSubscriber.onNext(MonoPeekTerminal.java:180) ~[reactor-core-3.5.8.jar:3.5.8]
		at reactor.core.publisher.FluxDefaultIfEmpty$DefaultIfEmptySubscriber.onNext(FluxDefaultIfEmpty.java:122) ~[reactor-core-3.5.8.jar:3.5.8]
		at reactor.core.publisher.MonoNext$NextSubscriber.onNext(MonoNext.java:82) ~[reactor-core-3.5.8.jar:3.5.8]
		at reactor.core.publisher.FluxConcatMapNoPrefetch$FluxConcatMapNoPrefetchSubscriber.innerNext(FluxConcatMapNoPrefetch.java:258) ~[reactor-core-3.5.8.jar:3.5.8]
		at reactor.core.publisher.FluxConcatMap$ConcatMapInner.onNext(FluxConcatMap.java:863) ~[reactor-core-3.5.8.jar:3.5.8]
		at reactor.core.publisher.MonoFlatMap$FlatMapMain.onNext(MonoFlatMap.java:158) ~[reactor-core-3.5.8.jar:3.5.8]
		at reactor.core.publisher.FluxMapFuseable$MapFuseableSubscriber.onNext(FluxMapFuseable.java:129) ~[reactor-core-3.5.8.jar:3.5.8]
		at reactor.core.publisher.FluxFilterFuseable$FilterFuseableSubscriber.onNext(FluxFilterFuseable.java:118) ~[reactor-core-3.5.8.jar:3.5.8]
		at reactor.core.publisher.Operators$ScalarSubscription.request(Operators.java:2545) ~[reactor-core-3.5.8.jar:3.5.8]
		at reactor.core.publisher.FluxFilterFuseable$FilterFuseableSubscriber.request(FluxFilterFuseable.java:191) ~[reactor-core-3.5.8.jar:3.5.8]
		at reactor.core.publisher.FluxMapFuseable$MapFuseableSubscriber.request(FluxMapFuseable.java:171) ~[reactor-core-3.5.8.jar:3.5.8]
		at reactor.core.publisher.MonoFlatMap$FlatMapMain.request(MonoFlatMap.java:194) ~[reactor-core-3.5.8.jar:3.5.8]
		at reactor.core.publisher.Operators$MultiSubscriptionSubscriber.request(Operators.java:2305) ~[reactor-core-3.5.8.jar:3.5.8]
		at reactor.core.publisher.FluxConcatMapNoPrefetch$FluxConcatMapNoPrefetchSubscriber.request(FluxConcatMapNoPrefetch.java:338) ~[reactor-core-3.5.8.jar:3.5.8]
		at reactor.core.publisher.MonoNext$NextSubscriber.request(MonoNext.java:108) ~[reactor-core-3.5.8.jar:3.5.8]
		at reactor.core.publisher.FluxDefaultIfEmpty$DefaultIfEmptySubscriber.request(FluxDefaultIfEmpty.java:98) ~[reactor-core-3.5.8.jar:3.5.8]
		at reactor.core.publisher.MonoPeekTerminal$MonoTerminalPeekSubscriber.request(MonoPeekTerminal.java:139) ~[reactor-core-3.5.8.jar:3.5.8]
		at reactor.core.publisher.FluxPeekFuseable$PeekFuseableConditionalSubscriber.request(FluxPeekFuseable.java:437) ~[reactor-core-3.5.8.jar:3.5.8]
		at reactor.core.publisher.MonoPeekTerminal$MonoTerminalPeekSubscriber.request(MonoPeekTerminal.java:139) ~[reactor-core-3.5.8.jar:3.5.8]
		at reactor.core.publisher.FluxFilter$FilterSubscriber.request(FluxFilter.java:186) ~[reactor-core-3.5.8.jar:3.5.8]
		at reactor.core.publisher.Operators$MultiSubscriptionSubscriber.set(Operators.java:2341) ~[reactor-core-3.5.8.jar:3.5.8]
		at reactor.core.publisher.Operators$MultiSubscriptionSubscriber.onSubscribe(Operators.java:2215) ~[reactor-core-3.5.8.jar:3.5.8]
		at reactor.core.publisher.FluxFilter$FilterSubscriber.onSubscribe(FluxFilter.java:85) ~[reactor-core-3.5.8.jar:3.5.8]
		at reactor.core.publisher.MonoPeekTerminal$MonoTerminalPeekSubscriber.onSubscribe(MonoPeekTerminal.java:152) ~[reactor-core-3.5.8.jar:3.5.8]
		at reactor.core.publisher.FluxPeekFuseable$PeekFuseableConditionalSubscriber.onSubscribe(FluxPeekFuseable.java:471) ~[reactor-core-3.5.8.jar:3.5.8]
		at reactor.core.publisher.MonoPeekTerminal$MonoTerminalPeekSubscriber.onSubscribe(MonoPeekTerminal.java:152) ~[reactor-core-3.5.8.jar:3.5.8]
		at reactor.core.publisher.Operators$BaseFluxToMonoOperator.onSubscribe(Operators.java:2025) ~[reactor-core-3.5.8.jar:3.5.8]
		at reactor.core.publisher.MonoNext$NextSubscriber.onSubscribe(MonoNext.java:70) ~[reactor-core-3.5.8.jar:3.5.8]
		at reactor.core.publisher.FluxConcatMapNoPrefetch$FluxConcatMapNoPrefetchSubscriber.onSubscribe(FluxConcatMapNoPrefetch.java:164) ~[reactor-core-3.5.8.jar:3.5.8]
		at reactor.core.publisher.FluxIterable.subscribe(FluxIterable.java:201) ~[reactor-core-3.5.8.jar:3.5.8]
		at reactor.core.publisher.FluxIterable.subscribe(FluxIterable.java:83) ~[reactor-core-3.5.8.jar:3.5.8]
		at reactor.core.publisher.InternalMonoOperator.subscribe(InternalMonoOperator.java:64) ~[reactor-core-3.5.8.jar:3.5.8]
		at reactor.core.publisher.MonoDeferContextual.subscribe(MonoDeferContextual.java:55) ~[reactor-core-3.5.8.jar:3.5.8]
		at reactor.core.publisher.InternalMonoOperator.subscribe(InternalMonoOperator.java:64) ~[reactor-core-3.5.8.jar:3.5.8]
		at reactor.core.publisher.MonoDefer.subscribe(MonoDefer.java:53) ~[reactor-core-3.5.8.jar:3.5.8]
		at reactor.core.publisher.InternalMonoOperator.subscribe(InternalMonoOperator.java:64) ~[reactor-core-3.5.8.jar:3.5.8]
		at reactor.core.publisher.MonoDefer.subscribe(MonoDefer.java:53) ~[reactor-core-3.5.8.jar:3.5.8]
		at reactor.core.publisher.Mono.subscribe(Mono.java:4495) ~[reactor-core-3.5.8.jar:3.5.8]
		at reactor.core.publisher.MonoIgnoreThen$ThenIgnoreMain.subscribeNext(MonoIgnoreThen.java:263) ~[reactor-core-3.5.8.jar:3.5.8]
		at reactor.core.publisher.MonoIgnoreThen.subscribe(MonoIgnoreThen.java:51) ~[reactor-core-3.5.8.jar:3.5.8]
		at reactor.core.publisher.Mono.subscribe(Mono.java:4495) ~[reactor-core-3.5.8.jar:3.5.8]
		at reactor.core.publisher.FluxSwitchIfEmpty$SwitchIfEmptySubscriber.onComplete(FluxSwitchIfEmpty.java:82) ~[reactor-core-3.5.8.jar:3.5.8]
		at reactor.core.publisher.FluxFilter$FilterSubscriber.onComplete(FluxFilter.java:166) ~[reactor-core-3.5.8.jar:3.5.8]
		at reactor.core.publisher.FluxPeekFuseable$PeekConditionalSubscriber.onComplete(FluxPeekFuseable.java:940) ~[reactor-core-3.5.8.jar:3.5.8]
		at reactor.core.publisher.FluxSwitchIfEmpty$SwitchIfEmptySubscriber.onComplete(FluxSwitchIfEmpty.java:85) ~[reactor-core-3.5.8.jar:3.5.8]
		at reactor.core.publisher.Operators$ScalarSubscription.request(Operators.java:2547) ~[reactor-core-3.5.8.jar:3.5.8]
		at reactor.core.publisher.Operators$MultiSubscriptionSubscriber.set(Operators.java:2341) ~[reactor-core-3.5.8.jar:3.5.8]
		at reactor.core.publisher.Operators$MultiSubscriptionSubscriber.onSubscribe(Operators.java:2215) ~[reactor-core-3.5.8.jar:3.5.8]
		at reactor.core.publisher.MonoJust.subscribe(MonoJust.java:55) ~[reactor-core-3.5.8.jar:3.5.8]
		at reactor.core.publisher.Mono.subscribe(Mono.java:4495) ~[reactor-core-3.5.8.jar:3.5.8]
		at reactor.core.publisher.FluxSwitchIfEmpty$SwitchIfEmptySubscriber.onComplete(FluxSwitchIfEmpty.java:82) ~[reactor-core-3.5.8.jar:3.5.8]
		at reactor.core.publisher.MonoNext$NextSubscriber.onComplete(MonoNext.java:102) ~[reactor-core-3.5.8.jar:3.5.8]
		at reactor.core.publisher.FluxFilter$FilterSubscriber.onComplete(FluxFilter.java:166) ~[reactor-core-3.5.8.jar:3.5.8]
		at reactor.core.publisher.FluxFlatMap$FlatMapMain.checkTerminated(FluxFlatMap.java:847) ~[reactor-core-3.5.8.jar:3.5.8]
		at reactor.core.publisher.FluxFlatMap$FlatMapMain.drainLoop(FluxFlatMap.java:609) ~[reactor-core-3.5.8.jar:3.5.8]
		at reactor.core.publisher.FluxFlatMap$FlatMapMain.drain(FluxFlatMap.java:589) ~[reactor-core-3.5.8.jar:3.5.8]
		at reactor.core.publisher.FluxFlatMap$FlatMapMain.onComplete(FluxFlatMap.java:466) ~[reactor-core-3.5.8.jar:3.5.8]
		at reactor.core.publisher.FluxPeekFuseable$PeekFuseableSubscriber.onComplete(FluxPeekFuseable.java:277) ~[reactor-core-3.5.8.jar:3.5.8]
		at reactor.core.publisher.FluxIterable$IterableSubscription.slowPath(FluxIterable.java:357) ~[reactor-core-3.5.8.jar:3.5.8]
		at reactor.core.publisher.FluxIterable$IterableSubscription.request(FluxIterable.java:294) ~[reactor-core-3.5.8.jar:3.5.8]
		at reactor.core.publisher.FluxPeekFuseable$PeekFuseableSubscriber.request(FluxPeekFuseable.java:144) ~[reactor-core-3.5.8.jar:3.5.8]
		at reactor.core.publisher.FluxFlatMap$FlatMapMain.onSubscribe(FluxFlatMap.java:371) ~[reactor-core-3.5.8.jar:3.5.8]
		at reactor.core.publisher.FluxPeekFuseable$PeekFuseableSubscriber.onSubscribe(FluxPeekFuseable.java:178) ~[reactor-core-3.5.8.jar:3.5.8]
		at reactor.core.publisher.FluxIterable.subscribe(FluxIterable.java:201) ~[reactor-core-3.5.8.jar:3.5.8]
		at reactor.core.publisher.FluxIterable.subscribe(FluxIterable.java:83) ~[reactor-core-3.5.8.jar:3.5.8]
		at reactor.core.publisher.InternalMonoOperator.subscribe(InternalMonoOperator.java:64) ~[reactor-core-3.5.8.jar:3.5.8]
		at reactor.core.publisher.MonoDefer.subscribe(MonoDefer.java:53) ~[reactor-core-3.5.8.jar:3.5.8]
		at reactor.core.publisher.MonoFlatMap$FlatMapMain.onNext(MonoFlatMap.java:165) ~[reactor-core-3.5.8.jar:3.5.8]
		at reactor.core.publisher.Operators$BaseFluxToMonoOperator.completePossiblyEmpty(Operators.java:2071) ~[reactor-core-3.5.8.jar:3.5.8]
		at reactor.core.publisher.FluxDefaultIfEmpty$DefaultIfEmptySubscriber.onComplete(FluxDefaultIfEmpty.java:134) ~[reactor-core-3.5.8.jar:3.5.8]
		at reactor.core.publisher.FluxMap$MapSubscriber.onComplete(FluxMap.java:144) ~[reactor-core-3.5.8.jar:3.5.8]
		at reactor.core.publisher.FluxMap$MapSubscriber.onComplete(FluxMap.java:144) ~[reactor-core-3.5.8.jar:3.5.8]
		at reactor.core.publisher.FluxFilter$FilterSubscriber.onComplete(FluxFilter.java:166) ~[reactor-core-3.5.8.jar:3.5.8]
		at reactor.core.publisher.FluxMap$MapConditionalSubscriber.onComplete(FluxMap.java:275) ~[reactor-core-3.5.8.jar:3.5.8]
		at reactor.core.publisher.Operators$MonoSubscriber.complete(Operators.java:1840) ~[reactor-core-3.5.8.jar:3.5.8]
		at reactor.core.publisher.MonoCacheTime.subscribeOrReturn(MonoCacheTime.java:151) ~[reactor-core-3.5.8.jar:3.5.8]
		at reactor.core.publisher.InternalMonoOperator.subscribe(InternalMonoOperator.java:57) ~[reactor-core-3.5.8.jar:3.5.8]
		at reactor.core.publisher.MonoDefer.subscribe(MonoDefer.java:53) ~[reactor-core-3.5.8.jar:3.5.8]
		at reactor.core.publisher.InternalMonoOperator.subscribe(InternalMonoOperator.java:64) ~[reactor-core-3.5.8.jar:3.5.8]
		at reactor.core.publisher.MonoDefer.subscribe(MonoDefer.java:53) ~[reactor-core-3.5.8.jar:3.5.8]
		at reactor.core.publisher.Mono.subscribe(Mono.java:4495) ~[reactor-core-3.5.8.jar:3.5.8]
		at reactor.core.publisher.MonoIgnoreThen$ThenIgnoreMain.subscribeNext(MonoIgnoreThen.java:263) ~[reactor-core-3.5.8.jar:3.5.8]
		at reactor.core.publisher.MonoIgnoreThen.subscribe(MonoIgnoreThen.java:51) ~[reactor-core-3.5.8.jar:3.5.8]
		at reactor.core.publisher.MonoDefer.subscribe(MonoDefer.java:53) ~[reactor-core-3.5.8.jar:3.5.8]
		at reactor.core.publisher.MonoIgnoreThen$ThenIgnoreMain.subscribeNext(MonoIgnoreThen.java:240) ~[reactor-core-3.5.8.jar:3.5.8]
		at reactor.core.publisher.MonoIgnoreThen$ThenIgnoreMain.onComplete(MonoIgnoreThen.java:203) ~[reactor-core-3.5.8.jar:3.5.8]
		at reactor.core.publisher.MonoFlatMap$FlatMapMain.secondComplete(MonoFlatMap.java:250) ~[reactor-core-3.5.8.jar:3.5.8]
		at reactor.core.publisher.MonoFlatMap$FlatMapInner.onComplete(MonoFlatMap.java:324) ~[reactor-core-3.5.8.jar:3.5.8]
		at reactor.core.publisher.MonoIgnoreElements$IgnoreElementsSubscriber.onComplete(MonoIgnoreElements.java:89) ~[reactor-core-3.5.8.jar:3.5.8]
		at reactor.core.publisher.MonoPublishOn$PublishOnSubscriber.run(MonoPublishOn.java:190) ~[reactor-core-3.5.8.jar:3.5.8]
		at reactor.core.scheduler.SchedulerTask.call(SchedulerTask.java:68) ~[reactor-core-3.5.8.jar:3.5.8]
		at reactor.core.scheduler.SchedulerTask.call(SchedulerTask.java:28) ~[reactor-core-3.5.8.jar:3.5.8]
		at java.base/java.util.concurrent.FutureTask.run(Unknown Source) ~[na:na]
		at java.base/java.util.concurrent.ScheduledThreadPoolExecutor$ScheduledFutureTask.run(Unknown Source) ~[na:na]
		at java.base/java.util.concurrent.ThreadPoolExecutor.runWorker(Unknown Source) ~[na:na]
		at java.base/java.util.concurrent.ThreadPoolExecutor$Worker.run(Unknown Source) ~[na:na]
		at java.base/java.lang.Thread.run(Unknown Source) ~[na:na]

2023-09-24T12:40:43.683+08:00  WARN 7 --- [reactor-http-epoll-1] r.n.http.server.HttpServerOperations     : [0f2136ed, L:/172.19.0.2:8090 - R:/193.42.33.176:32828] Decoding failed: FULL_REQUEST(decodeResult: failure(java.lang.IllegalArgumentException: text is empty (possibly HTTP/0.9)), version: HTTP/1.0, content: UnpooledByteBufAllocator$InstrumentedUnpooledUnsafeHeapByteBuf(ridx: 0, widx: 0, cap: 0))
GET /bad-request HTTP/1.0
2023-09-24T14:04:52.592+08:00  WARN 7 --- [reactor-http-epoll-3] r.n.http.server.HttpServerOperations     : [61f11a9a, L:/172.19.0.2:8090 - R:/107.170.254.28:59592] Decoding failed: FULL_REQUEST(decodeResult: failure(java.lang.IllegalArgumentException: text is empty (possibly HTTP/0.9)), version: HTTP/1.0, content: UnpooledByteBufAllocator$InstrumentedUnpooledUnsafeHeapByteBuf(ridx: 0, widx: 0, cap: 0))
GET /bad-request HTTP/1.0
2023-09-24T14:44:37.434+08:00  INFO 7 --- [scheduling-1] r.h.a.s.a.login.impl.RsaKeyService       : Generating RSA keys...
2023-09-24T14:44:37.526+08:00  INFO 7 --- [scheduling-1] r.h.a.s.a.login.impl.RsaKeyService       : Generated RSA keys. Usage: 91 ms.
2023-09-24T15:37:13.086+08:00  WARN 7 --- [reactor-http-epoll-3] r.n.http.server.HttpServerOperations     : [0808b707, L:/172.19.0.2:8090 - R:/64.62.197.86:3141] Decoding failed: FULL_REQUEST(decodeResult: failure(java.lang.IllegalArgumentException: text is empty (possibly HTTP/0.9)), version: HTTP/1.0, content: UnpooledByteBufAllocator$InstrumentedUnpooledUnsafeHeapByteBuf(ridx: 0, widx: 0, cap: 0))
GET /bad-request HTTP/1.0
2023-09-24T16:55:04.779+08:00  WARN 7 --- [reactor-http-epoll-2] r.n.http.server.HttpServerOperations     : [08651699, L:/172.19.0.2:8090 - R:/205.210.31.223:58374] Decoding failed: FULL_REQUEST(decodeResult: failure(java.lang.IllegalArgumentException: text is empty (possibly HTTP/0.9)), version: HTTP/1.0, content: UnpooledByteBufAllocator$InstrumentedUnpooledUnsafeHeapByteBuf(ridx: 0, widx: 0, cap: 0))
GET /bad-request HTTP/1.0
2023-09-24T20:33:30.339+08:00  WARN 7 --- [reactor-http-epoll-2] r.n.http.server.HttpServerOperations     : [d95c26ff, L:/172.19.0.2:8090 - R:/137.184.255.30:50476] Decoding failed: FULL_REQUEST(decodeResult: failure(java.lang.IllegalArgumentException: text is empty (possibly HTTP/0.9)), version: HTTP/1.0, content: UnpooledByteBufAllocator$InstrumentedUnpooledUnsafeHeapByteBuf(ridx: 0, widx: 0, cap: 0))
GET /bad-request HTTP/1.0
2023-09-24T20:50:19.100+08:00  WARN 7 --- [reactor-http-epoll-1] r.n.http.server.HttpServerOperations     : [991c7367, L:/172.19.0.2:8090 - R:/134.122.20.65:39212] Decoding failed: FULL_REQUEST(decodeResult: failure(java.lang.IllegalArgumentException: invalid version format: ÎÉÞH1XU#ÄŸ5ÁÉRR§¢³ÁÌÍZ÷$© &À+À/À,À0Ì©Ì¨À	ÀÀ), version: HTTP/1.0, content: UnpooledByteBufAllocator$InstrumentedUnpooledUnsafeHeapByteBuf(ridx: 0, widx: 0, cap: 0))
GET /bad-request HTTP/1.0
